2016-02-01 14:43:25,919 [INFO]  : [0(s)] Computed Patient Maximum Heart rate is 177.2(1/min)
2016-02-01 14:43:25,987 [INFO]  : [0(s)] Converging to a steady state
2016-02-01 14:43:32,176 [INFO]  : [10.0111(s)] Converging System... it took 6.19s to simulate the past 10s
2016-02-01 14:43:37,380 [INFO]  : [20.0222(s)] Converging System... it took 5.2s to simulate the past 10s
2016-02-01 14:43:43,018 [INFO]  : [30.0333(s)] Converging System... it took 5.64s to simulate the past 10s
2016-02-01 14:43:48,982 [INFO]  : [40.0444(s)] Converging System... it took 5.96s to simulate the past 10s
2016-02-01 14:43:54,384 [INFO]  : [50.0556(s)] Converging System... it took 5.4s to simulate the past 10s
2016-02-01 14:43:59,594 [INFO]  : [60.0667(s)] Converging System... it took 5.21s to simulate the past 10s
2016-02-01 14:44:04,668 [INFO]  : [70.0778(s)] Converging System... it took 5.07s to simulate the past 10s
2016-02-01 14:44:09,864 [INFO]  : [80.0889(s)] Converging System... it took 5.2s to simulate the past 10s
2016-02-01 14:44:17,115 [INFO]  : [90.1(s)] Converging System... it took 7.25s to simulate the past 10s
2016-02-01 14:44:23,006 [INFO]  : [100.111(s)] Converging System... it took 5.89s to simulate the past 10s
2016-02-01 14:44:28,978 [INFO]  : [110.122(s)] Converging System... it took 5.97s to simulate the past 10s
2016-02-01 14:44:34,741 [INFO]  : [120.133(s)] Converging System... it took 5.76s to simulate the past 10s
2016-02-01 14:44:41,463 [INFO]  : [130.144(s)] Converging System... it took 6.72s to simulate the past 10s
2016-02-01 14:44:46,646 [INFO]  : [140.156(s)] Converging System... it took 5.18s to simulate the past 10s
2016-02-01 14:44:51,773 [INFO]  : [150.167(s)] Converging System... it took 5.12s to simulate the past 10s
2016-02-01 14:44:58,301 [INFO]  : [160.178(s)] Converging System... it took 6.53s to simulate the past 10s
2016-02-01 14:45:04,851 [INFO]  : [170.189(s)] Converging System... it took 6.55s to simulate the past 10s
2016-02-01 14:45:11,029 [INFO]  : [180.2(s)] Converging System... it took 6.18s to simulate the past 10s
2016-02-01 14:45:12,314 [INFO]  : [182.278(s)] Convergence took 106s to simulate 182s to get engine to a steady state
2016-02-01 14:45:12,314 [INFO]  : [182.278(s)] Converging feedback to a steady state
2016-02-01 14:45:18,337 [INFO]  : [192.289(s)] Converging System... it took 6.02s to simulate the past 10s
2016-02-01 14:45:24,264 [INFO]  : [202.3(s)] Converging System... it took 5.93s to simulate the past 10s
2016-02-01 14:45:24,272 [INFO]  : [202.3(s)] Convergence took 12s to simulate 202s to get engine to a steady state
2016-02-01 14:45:24,272 [INFO]  : [0(s)] Executing Scenario
2016-02-01 14:45:42,775 [INFO]  : [30.0111(s)] [Action] 30.0111(s), Patient Action : Airway Obstruction
	Severity: 1
2016-02-01 14:46:03,506 [INFO]  : [60(s)] Current Time is 59.9889s, it took 39.232s to simulate the past 60s
2016-02-01 14:46:03,535 [INFO]  : [60.0222(s)] [Action] 60.0222(s), Patient Action : Airway Obstruction
	Severity: 0
2016-02-01 14:46:39,429 [INFO]  : [120(s)] Current Time is 119.989s, it took 35.921s to simulate the past 60s
2016-02-01 14:47:13,324 [INFO]  : [180(s)] Current Time is 179.989s, it took 33.894s to simulate the past 60s
2016-02-01 14:47:48,214 [INFO]  : [240(s)] Current Time is 239.989s, it took 34.888s to simulate the past 60s
2016-02-01 14:48:20,759 [INFO]  : [300(s)] Current Time is 299.989s, it took 32.544s to simulate the past 60s
2016-02-01 14:48:53,459 [INFO]  : [360(s)] Current Time is 359.989s, it took 32.698s to simulate the past 60s
2016-02-01 14:49:25,995 [INFO]  : [420(s)] Current Time is 419.989s, it took 32.534s to simulate the past 60s
2016-02-01 14:50:00,432 [INFO]  : [480(s)] Current Time is 479.989s, it took 34.435s to simulate the past 60s
2016-02-01 14:50:33,763 [INFO]  : [540(s)] Current Time is 539.989s, it took 33.33s to simulate the past 60s
2016-02-01 14:51:06,718 [INFO]  : [600(s)] Current Time is 599.989s, it took 32.953s to simulate the past 60s
2016-02-01 14:51:40,057 [INFO]  : [660(s)] Current Time is 659.989s, it took 33.338s to simulate the past 60s
2016-02-01 14:51:40,090 [INFO]  : [660.033(s)] It took 375.805s to run this simulation
