2016-02-01 14:52:18,707 [INFO]  : [0(s)] Computed Patient Maximum Heart rate is 177.2(1/min)
2016-02-01 14:52:18,771 [INFO]  : [0(s)] Converging to a steady state
2016-02-01 14:52:25,611 [INFO]  : [10.0111(s)] Converging System... it took 6.84s to simulate the past 10s
2016-02-01 14:52:31,970 [INFO]  : [20.0222(s)] Converging System... it took 6.36s to simulate the past 10s
2016-02-01 14:52:37,836 [INFO]  : [30.0333(s)] Converging System... it took 5.87s to simulate the past 10s
2016-02-01 14:52:44,662 [INFO]  : [40.0444(s)] Converging System... it took 6.83s to simulate the past 10s
2016-02-01 14:52:50,441 [INFO]  : [50.0556(s)] Converging System... it took 5.78s to simulate the past 10s
2016-02-01 14:52:55,707 [INFO]  : [60.0667(s)] Converging System... it took 5.27s to simulate the past 10s
2016-02-01 14:53:00,850 [INFO]  : [70.0778(s)] Converging System... it took 5.14s to simulate the past 10s
2016-02-01 14:53:06,220 [INFO]  : [80.0889(s)] Converging System... it took 5.37s to simulate the past 10s
2016-02-01 14:53:11,500 [INFO]  : [90.1(s)] Converging System... it took 5.28s to simulate the past 10s
2016-02-01 14:53:16,640 [INFO]  : [100.111(s)] Converging System... it took 5.14s to simulate the past 10s
2016-02-01 14:53:21,721 [INFO]  : [110.122(s)] Converging System... it took 5.08s to simulate the past 10s
2016-02-01 14:53:26,926 [INFO]  : [120.133(s)] Converging System... it took 5.2s to simulate the past 10s
2016-02-01 14:53:32,352 [INFO]  : [130.144(s)] Converging System... it took 5.42s to simulate the past 10s
2016-02-01 14:53:37,566 [INFO]  : [140.156(s)] Converging System... it took 5.21s to simulate the past 10s
2016-02-01 14:53:43,108 [INFO]  : [150.167(s)] Converging System... it took 5.54s to simulate the past 10s
2016-02-01 14:53:48,395 [INFO]  : [160.178(s)] Converging System... it took 5.29s to simulate the past 10s
2016-02-01 14:53:53,730 [INFO]  : [170.189(s)] Converging System... it took 5.33s to simulate the past 10s
2016-02-01 14:53:58,947 [INFO]  : [180.2(s)] Converging System... it took 5.22s to simulate the past 10s
2016-02-01 14:54:00,035 [INFO]  : [182.278(s)] Convergence took 101s to simulate 182s to get engine to a steady state
2016-02-01 14:54:00,036 [INFO]  : [182.278(s)] Converging feedback to a steady state
2016-02-01 14:54:05,226 [INFO]  : [192.289(s)] Converging System... it took 5.19s to simulate the past 10s
2016-02-01 14:54:10,855 [INFO]  : [202.3(s)] Converging System... it took 5.63s to simulate the past 10s
2016-02-01 14:54:10,855 [INFO]  : [202.3(s)] Convergence took 10.8s to simulate 202s to get engine to a steady state
2016-02-01 14:54:10,856 [INFO]  : [0(s)] Executing Scenario
2016-02-01 14:54:33,438 [INFO]  : [30.0111(s)] [Action] 30.0111(s), Patient Action : Airway Obstruction
	Severity: 1
2016-02-01 14:54:53,264 [INFO]  : [60(s)] Current Time is 59.9889s, it took 42.406s to simulate the past 60s
2016-02-01 14:54:58,019 [INFO]  : [67.7444(s)] [Event] 67.7444(s),  Patient has Hypoxia
2016-02-01 14:55:05,962 [INFO]  : [80.9222(s)] [Event] 80.9222(s),  Patient has Tachypnea
2016-02-01 14:55:32,328 [INFO]  : [120(s)] Current Time is 119.989s, it took 39.062s to simulate the past 60s
2016-02-01 14:55:49,835 [INFO]  : [148.2(s)] [Event] 148.2(s),  Patient has Tachycardia
2016-02-01 14:55:51,066 [INFO]  : [150.022(s)] [Action] 150.022(s), Patient Action : Airway Obstruction
	Severity: 0
2016-02-01 14:55:58,489 [INFO]  : [161.256(s)] [Event] 161.256(s),  Patient no longer has Hypoxia
2016-02-01 14:56:00,451 [INFO]  : [164.322(s)] [Event] 164.322(s),  Patient no longer has Tachypnea
2016-02-01 14:56:11,020 [INFO]  : [180(s)] Current Time is 179.989s, it took 38.69s to simulate the past 60s
2016-02-01 14:56:30,865 [INFO]  : [211.944(s)] [Event] 211.944(s),  Patient no longer has Tachycardia
2016-02-01 14:56:46,794 [INFO]  : [240(s)] Current Time is 239.989s, it took 35.773s to simulate the past 60s
2016-02-01 14:57:22,774 [INFO]  : [300(s)] Current Time is 299.989s, it took 35.978s to simulate the past 60s
2016-02-01 14:57:59,008 [INFO]  : [360(s)] Current Time is 359.989s, it took 36.232s to simulate the past 60s
2016-02-01 14:58:32,827 [INFO]  : [420(s)] Current Time is 419.989s, it took 33.817s to simulate the past 60s
2016-02-01 14:59:09,521 [INFO]  : [480(s)] Current Time is 479.989s, it took 36.692s to simulate the past 60s
2016-02-01 14:59:45,791 [INFO]  : [540(s)] Current Time is 539.989s, it took 36.269s to simulate the past 60s
2016-02-01 15:00:23,818 [INFO]  : [600(s)] Current Time is 599.989s, it took 38.025s to simulate the past 60s
2016-02-01 15:00:57,410 [INFO]  : [660(s)] Current Time is 659.989s, it took 33.59s to simulate the past 60s
2016-02-01 15:01:31,943 [INFO]  : [720(s)] Current Time is 719.989s, it took 34.531s to simulate the past 60s
2016-02-01 15:01:49,302 [INFO]  : [750.033(s)] It took 458.43s to run this simulation
